<?xml version="1.0" encoding="UTF-8"?>
<!-- Generated by org.testng.reporters.JUnitReportReporter -->
<testsuite skipped="3" hostname="LAPTOP-NJFUNEJK" name="com.testcases.LoginPageTest" tests="5" failures="0" timestamp="2021-11-25T00:12:01 IST" time="61.339" errors="0">
  <testcase name="validateLoginUsingTestNGDataProvider" time="32.413" classname="com.testcases.LoginPageTest"/>
  <system-out/>
  <testcase name="validateLoginUsingTestNGDataProvider" time="28.926" classname="com.testcases.LoginPageTest"/>
  <system-out/>
  <testcase name="validateLoginTestUsingParameters" classname="com.testcases.LoginPageTest">
    <skipped/>
  </testcase> <!-- validateLoginTestUsingParameters -->
  <system-out/>
  <testcase name="validateTitleTest" classname="com.testcases.LoginPageTest">
    <skipped/>
  </testcase> <!-- validateTitleTest -->
  <system-out/>
  <testcase name="validateLoginTest" classname="com.testcases.LoginPageTest">
    <skipped/>
  </testcase> <!-- validateLoginTest -->
  <system-out/>
</testsuite> <!-- com.testcases.LoginPageTest -->
