<?xml version="1.0" encoding="UTF-8"?>
<!-- Generated by org.testng.reporters.JUnitReportReporter -->
<testsuite skipped="0" hostname="LAPTOP-NJFUNEJK" name="com.testcases.LoginPageTestTDD" tests="2" failures="0" timestamp="2021-11-22T16:45:07 IST" time="0.010" errors="0">
  <testcase name="validateLoginTest" time="0.008" classname="com.testcases.LoginPageTestTDD"/>
  <system-out/>
  <testcase name="validateLoginTest" time="0.002" classname="com.testcases.LoginPageTestTDD"/>
  <system-out/>
</testsuite> <!-- com.testcases.LoginPageTestTDD -->
